<?xml version="1.0" encoding="UTF-8"?>
<testsuite xmlns:xsi="http://www.w3.org/2001/XMLSchema-instance" xsi:noNamespaceSchemaLocation="https://maven.apache.org/surefire/maven-surefire-plugin/xsd/surefire-test-report-3.0.xsd" version="3.0" name="TestSuite" time="26.428" tests="2" errors="0" skipped="0" failures="0">
  <properties>
[...]
</properties>
  <testcase name="testSuccessfulLogin" classname="com.sparkrock.tausif.tests.LoginTest" time="4.248">
    <system-err><![CDATA[[main] INFO io.github.bonigarcia.wdm.WebDriverManager - Using geckodriver 0.32.2 (resolved driver for Firefox 110)
[main] INFO io.github.bonigarcia.wdm.WebDriverManager - Exporting webdriver.gecko.driver as /Users/apple/.cache/selenium/geckodriver/mac64/0.32.2/geckodriver
1721035517195	geckodriver	INFO	Listening on 127.0.0.1:50298
1721035517493	mozrunner::runner	INFO	Running command: "/Applications/Firefox.app/Contents/MacOS/firefox-bin" "--marionette" "--remote-debugging-port" "63648" "--r ... alhost:63648/" "-foreground" "-no-remote" "-profile" "/var/folders/s0/5x6vmqm17p10jgx7q22x1p_m0000gn/T/rust_mozprofileNy0oC4"
console.warn: services.settings: Ignoring preference override of remote settings server
console.warn: services.settings: Allow by setting MOZ_REMOTE_SETTINGS_DEVTOOLS=1 in the environment
1721035519524	Marionette	INFO	Marionette enabled
1721035519746	Marionette	INFO	Listening on port 64435
Read port: 64435
console.error: "Warning: unrecognized command line flag -remote-allow-hosts\n"
console.error: "Warning: unrecognized command line flag -remote-allow-origins\n"
WebDriver BiDi listening on ws://127.0.0.1:63648
1721035520087	RemoteAgent	WARN	TLS certificate errors will be ignored for this session
console.warn: SearchSettings: "get: No settings file exists, new profile?" (new NotFoundError("Could not open the file at /var/folders/s0/5x6vmqm17p10jgx7q22x1p_m0000gn/T/rust_mozprofileNy0oC4/search.json.mozlz4", (void 0)))
DevTools listening on ws://127.0.0.1:63648/devtools/browser/ba8b1759-9f52-4430-9742-e17243f0b59e
Jul 15, 2024 2:25:23 PM org.openqa.selenium.remote.ProtocolHandshake createSession
INFO: Detected upstream dialect: W3C
]]></system-err>
  </testcase>
  <testcase name="testUnsuccessfulLogin" classname="com.sparkrock.tausif.tests.LoginTest" time="0.936">
    <system-err><![CDATA[1721035531418	Marionette	INFO	Stopped listening on port 64435
WARNING: A blocker encountered an error while we were waiting.
          Blocker:  Waiting for ping task
          Phase: TelemetryController: Waiting for pending ping activity
          State: (none)
WARNING: Error: Phase "profile-before-change" is finished, it is too late to register completion condition "OS.File: flush I/O queued before profileBeforeChange"
WARNING: addBlocker@resource://gre/modules/AsyncShutdown.sys.mjs:727:15
addBlocker@resource://gre/modules/AsyncShutdown.sys.mjs:523:26
addBlocker@resource://gre/modules/AsyncShutdown.sys.mjs:458:15
setupShutdown@resource://gre/modules/osfile/osfile_async_front.jsm:1548:28
@resource://gre/modules/osfile/osfile_async_front.jsm:1568:16
@resource://gre/modules/osfile.jsm:12:30
@resource://gre/modules/TelemetryStorage.sys.mjs:10:28
_checkPendingPings@resource://gre/modules/TelemetrySend.sys.mjs:863:17
setup@resource://gre/modules/TelemetrySend.sys.mjs:803:18
setup@resource://gre/modules/TelemetrySend.sys.mjs:241:30
setupTelemetry/this._delayedInitTask<@resource://gre/modules/TelemetryControllerParent.sys.mjs:829:36
observe@resource://gre/modules/AsyncShutdown.sys.mjs:576:16

WARNING: A blocker encountered an error while we were waiting.
          Blocker:  Waiting for ping task
          Phase: TelemetryController: Waiting for pending ping activity
          State: (none)
WARNING: Error: Phase "profile-before-change" is finished, it is too late to register completion condition "OS.File: flush I/O queued before profileBeforeChange"
WARNING: addBlocker@resource://gre/modules/AsyncShutdown.sys.mjs:727:15
addBlocker@resource://gre/modules/AsynJcShuatdown.vsaysScript. mejrsror:: 5r23e:s2o6u
racded://greBloc/kmeodules/Asynrc@Srheustoduowrnc.esy:s.mjs, line 727/:/ gErrreo/rmo: dPuhlaesse/ As"ypnrcoSfhiluted-obwenf.osryes-.cmhjasn:g4e5"8 :i1s5 
fsientisuhpeSdh,u tidto wins@ rteosoo ulractee:/ /tgor er/emgoister completion conditdiuolne s"/OoSs.Ffile/osfile_asyincl_ef:r ont.jsm:1548f:2l8u
s@hr eIs/oOu rqcue:e//ugered/m obdeufleosre/ oprosfiflielBee/foosrfeiChaleng_aes"y
nc_froJanvt.jsma:S1c5r6i8:p1t error:6
 r@eressouorucrec:e/://gr/egr/emo/dumodules/osflilee.jsms:1/2A:s3y0n
@cresoSuhructed:o/wn/.gsryes/.mmojduless,/ TellemetryStorage.sys.mjine 727: Error: Phase "pros:f10i:l28
_eche-ckbPeefnodrie-ncghPaingneg"s @irse sfoiunricseh:e/d/,g riet /imso dutloeos /lTaetlee tmoe trryeSgiesntd.sys.mjs:863:e1r7 
csoemtpupl@eretsioounr cec:o/nd/igtrieo/modulne s"/OTSe.lFeimleet:r yflSuesnhd. I/syOs .qmujeuse:d be8f0o3:re1 8profile
BesfeotreuChp@arnegsoeu"rce://gre
/moJavaScdriuplte se/rTreolre:m ertesoruyrScee:n//gre/dm.osdysu.lmejss/:A2s4y1n:3c0S
hsuettduownp.Tseylse.mmejst,r yl/itnhis._delayedInitTask<@rese o7u27:r ce:/E/rrogrr: Phasee/ modules/TelemetryCont"rprooflilleer-Pabreefnotre.-change"s yiss. mfjs:inis8h2ed, 9it: i36s 
toobsoe rvle@arteeso utroc er:egiste/r/ gcroem/plmeotdiuoln esc/oAnsdition "OS.FileyncShu:td ofwlnu.sshy s.mIjs/:O57 que6ued before profileBeforeChange"
JavaScript erro:r1: 6r
eso
urce://gWreA/RmodNuIlNesG/:A sAy bnlcoSchuketr ednocwonu.nstyesr.emdj sa,n  leirnreo r 7w2h7i:l eE rwreo rw:e rPeh awsae i"tpirnogf.i
 l e- b e f o r e - cBhlaoncgke" iser :f inish Waitiedn, g ift is too late to register coomprl epitng itoans conkd
iti o n   "O S . F i  lPeh:as ef:l uTsehl eIme/tOr yqCuoenutedr obleler: Waiftionrge f oprr opfeinldeBeforeChange"
JavaScript error: riensogu rcpe:in/g/g raec/tivitmy
o d ul e s / A s y n cStaSteh:u t(none)
WARNING: Error: Phasdowne. s"yps.rmojs, fliilnee- 72b7e:f oreE-rcror: hPanhgasee "" pirso ffiilneis-hbeed, it fiso rteo-oc hlaatnge" is e to rfeingister completion condiitiosnh "OS.File: flush I/O queued before eprd,o fiitl eiBse ftoroeo Chlaantgee "t
oW rAReNgiIsNGt:e ra dcdoBmlpolcekteior@nr ecsoonudricet:i/o/ngre /"moOdSu.Fliels/e:A sfylnucsShhu tId/Oo wnq.useyuse.dm jbse:f7o2r7e: 1p5r
oafileBdefdoBlreChange"o
cJkaevra@Srcersoiurpcte :e/r/rgorr:e /rmeosduloesu/rcAesy:n/c/Sghruet/mdodouwlens./sAsyncShutdown.sys.ys.mjs, mline 727: Errjos:523r:: 2P6
haadsedB "locker@rpersoource://gfrei/mloed-buleefs/AsyncShutdown.sys.mjs:458:15
setupShutdown@orersoe-chuarncgee:"/ /igsr ef/miodulneissh/eosdfile/osfil,e _it is atosoy nlca_ftreo ntto. jrsemg:i1s54t8e:r2 8c
o@mrpelsourceet:i/o/ng rceo/nmdiotdulieos/ons f"iOlSe./Foisflile_async_fronet.:j sfml:u1s5h6 8I/O qu:eue1d6 be
@refsource://gore/modules/ore profileBeforeChange"
sfile.jsm:12:30
@resource://gre/modules/TelemetryStorage.sys.mjs:10:28
_checkPendingPings@resource://gre/modules/TelemetrySend.sys.mjs:863:17
setup@resource://gre/modules/TelemetrySend.sys.mjs:803:18
setup@resource://gre/modules/TelemetrySend.sys.mjs:241:30
setupTelemetry/this._delayedInitTask<@resource://gre/modules/TelemetryControllerParent.sys.mjs:829:36
observe@resource://gre/modules/AsyncShutdown.sys.mjs:576:16

WARNING: A blocker encountered an error while we were waiting.
          Blocker:  TelemetryController: shutting down
          Phase: profile-before-change-telemetry
          State: Error getting state: Error: Phase "profile-before-change" is finished, it is too late to register completion condition "OS.File: flush I/O queued before profileBeforeChange" at addBlocker@resource://gre/modules/AsyncShutdown.sys.mjs:727:15
addBlocker@resource://gre/modules/AsyncShutdown.sys.mjs:523:26
addBlocker@resource://gre/modules/AsyncShutdown.sys.mjs:458:15
setupShutdown@resource://gre/modules/osfile/osfile_async_front.jsm:1548:28
@resource://gre/modules/osfile/osfile_async_front.jsm:1568:16
@resource://gre/modules/osfile.jsm:12:30
@resource://gre/modules/TelemetryStorage.sys.mjs:10:28
_checkPendingPings@resource://gre/modules/TelemetrySend.sys.mjs:863:17
setup@resource://gre/modules/TelemetrySend.sys.mjs:803:18
setup@resource://gre/modules/TelemetrySend.sys.mjs:241:30
setupTelemetry/this._delayedInitTask<@resource://gre/modules/TelemetryControllerParent.sys.mjs:829:36
observe@resource://gre/modules/AsyncShutdown.sys.mjs:576:16

WARNING: Error: Phase "profile-before-change" is finished, it is too late to register completion condition "OS.File: flush I/O queued before profileBeforeChange"
WARNING: addBlocker@resource://gre/modules/AsyncShutdown.sys.mjs:727:15
addBlocker@resource://gre/modules/AsyncShutdown.sys.mjs:523:26
addBlocker@resource://gre/modules/AsyncShutdown.sys.mjs:458:15
setupShutdown@resource://gre/modules/osfile/osfile_async_front.jsm:1548:28
@resource://gre/modules/osfile/osfile_async_front.jsm:1568:16
@resource://gre/modules/osfile.jsm:12:30
@resource://gre/modules/TelemetryStorage.sys.mjs:10:28
_checkPendingPings@resource://gre/modules/TelemetrySend.sys.mjs:863:17
setup@resource://gre/modules/TelemetrySend.sys.mjs:803:18
setup@resource://gre/modules/TelemetrySend.sys.mjs:241:30
setupTelemetry/this._delayedInitTask<@resource://gre/modules/TelemetryControllerParent.sys.mjs:829:36
observe@resource://gre/modules/AsyncShutdown.sys.mjs:576:16

[main] INFO io.github.bonigarcia.wdm.WebDriverManager - Using geckodriver 0.32.2 (resolved driver for Firefox 110)
[main] INFO io.github.bonigarcia.wdm.WebDriverManager - Exporting webdriver.gecko.driver as /Users/apple/.cache/selenium/geckodriver/mac64/0.32.2/geckodriver
1721035532663	geckodriver	INFO	Listening on 127.0.0.1:64028
1721035532695	mozrunner::runner	INFO	Running command: "/Applications/Firefox.app/Contents/MacOS/firefox-bin" "--marionette" "--remote-debugging-port" "56360" "--r ... alhost:56360/" "-foreground" "-no-remote" "-profile" "/var/folders/s0/5x6vmqm17p10jgx7q22x1p_m0000gn/T/rust_mozprofile2yKvSY"
console.warn: services.settings: Ignoring preference override of remote settings server
console.warn: services.settings: Allow by setting MOZ_REMOTE_SETTINGS_DEVTOOLS=1 in the environment
1721035533631	Marionette	INFO	Marionette enabled
1721035533746	Marionette	INFO	Listening on port 64622
console.error: "Warning: unrecognized command line flag -remote-allow-hosts\n"
console.error: "Warning: unrecognized command line flag -remote-allow-origins\n"
Read port: 64622
WebDriver BiDi listening on ws://127.0.0.1:56360
1721035534305	RemoteAgent	WARN	TLS certificate errors will be ignored for this session
console.warn: SearchSettings: "get: No settings file exists, new profile?" (new NotFoundError("Could not open the file at /var/folders/s0/5x6vmqm17p10jgx7q22x1p_m0000gn/T/rust_mozprofile2yKvSY/search.json.mozlz4", (void 0)))
DevTools listening on ws://127.0.0.1:56360/devtools/browser/1885d879-317c-4e12-9d50-80eb3d42c0d9
Jul 15, 2024 2:25:36 PM org.openqa.selenium.remote.ProtocolHandshake createSession
INFO: Detected upstream dialect: W3C
]]></system-err>
  </testcase>
</testsuite>