<?xml version="1.0" encoding="UTF-8"?>
<testng-results ignored="0" total="2" passed="2" failed="0" skipped="0">
  <reporter-output>
  </reporter-output>
  <suite started-at="2024-07-15T14:25:15 PKT" name="Surefire suite" finished-at="2024-07-15T14:25:41 PKT" duration-ms="25543">
    <groups>
    </groups>
    <test started-at="2024-07-15T14:25:15 PKT" name="Surefire test" finished-at="2024-07-15T14:25:41 PKT" duration-ms="25543">
      <class name="com.sparkrock.tausif.tests.LoginTest">
        <test-method is-config="true" signature="setUp()[pri:0, instance:com.sparkrock.tausif.tests.LoginTest@32464a14]" started-at="2024-07-15T14:25:15 PKT" name="setUp" finished-at="2024-07-15T14:25:27 PKT" duration-ms="11231" status="PASS">
          <reporter-output>
          </reporter-output>
        </test-method> <!-- setUp -->
        <test-method signature="testSuccessfulLogin()[pri:0, instance:com.sparkrock.tausif.tests.LoginTest@32464a14]" started-at="2024-07-15T14:25:27 PKT" name="testSuccessfulLogin" finished-at="2024-07-15T14:25:31 PKT" duration-ms="4267" status="PASS">
          <reporter-output>
          </reporter-output>
        </test-method> <!-- testSuccessfulLogin -->
        <test-method is-config="true" signature="tearDown()[pri:0, instance:com.sparkrock.tausif.tests.LoginTest@32464a14]" started-at="2024-07-15T14:25:31 PKT" name="tearDown" finished-at="2024-07-15T14:25:32 PKT" duration-ms="1177" status="PASS">
          <reporter-output>
          </reporter-output>
        </test-method> <!-- tearDown -->
        <test-method is-config="true" signature="setUp()[pri:0, instance:com.sparkrock.tausif.tests.LoginTest@32464a14]" started-at="2024-07-15T14:25:32 PKT" name="setUp" finished-at="2024-07-15T14:25:39 PKT" duration-ms="6430" status="PASS">
          <reporter-output>
          </reporter-output>
        </test-method> <!-- setUp -->
        <test-method signature="testUnsuccessfulLogin()[pri:0, instance:com.sparkrock.tausif.tests.LoginTest@32464a14]" started-at="2024-07-15T14:25:39 PKT" name="testUnsuccessfulLogin" finished-at="2024-07-15T14:25:40 PKT" duration-ms="1030" status="PASS">
          <reporter-output>
          </reporter-output>
        </test-method> <!-- testUnsuccessfulLogin -->
        <test-method is-config="true" signature="tearDown()[pri:0, instance:com.sparkrock.tausif.tests.LoginTest@32464a14]" started-at="2024-07-15T14:25:40 PKT" name="tearDown" finished-at="2024-07-15T14:25:41 PKT" duration-ms="1361" status="PASS">
          <reporter-output>
          </reporter-output>
        </test-method> <!-- tearDown -->
      </class> <!-- com.sparkrock.tausif.tests.LoginTest -->
    </test> <!-- Surefire test -->
  </suite> <!-- Surefire suite -->
</testng-results>
